build/app/intermediates/proguard-rules/release/aapt_rules.txt
# Referenced at merged_manifests\release\AndroidManifest.xml:31
-keep class androidx.core.app.CoreComponentFactory { <init>(); }
# Referenced at merged_manifests\release\AndroidManifest.xml:36
-keep class com.samkok.school.MainActivity { <init>(); }
# Referenced at merged_manifests\release\AndroidManifest.xml:31
-keep class io.flutter.app.FlutterApplication { <init>(); }