build/app/outputs/mapping/release/mapping.txt
# compiler: R8
# compiler_version: 1.5.64
# min_api: 16
# pg_map_id: 6aa83f1
...
io.flutter.plugin.common.StandardMessageCodec -> b.a.c.a.m:
    java.nio.charset.Charset UTF8 -> c
    io.flutter.plugin.common.StandardMessageCodec INSTANCE -> a
    boolean LITTLE_ENDIAN -> b
    java.nio.ByteBuffer encodeMessage(java.lang.Object) -> a
    void writeAlignment(java.io.ByteArrayOutputStream,int) -> a
    void writeBytes(java.io.ByteArrayOutputStream,byte[]) -> a
    void writeDouble(java.io.ByteArrayOutputStream,double) -> a
    void writeLong(java.io.ByteArrayOutputStream,long) -> a
    void writeValue(java.io.ByteArrayOutputStream,java.lang.Object) -> a
    void writeChar(java.io.ByteArrayOutputStream,int) -> b
    void writeInt(java.io.ByteArrayOutputStream,int) -> c
    void writeSize(java.io.ByteArrayOutputStream,int) -> d
io.flutter.plugin.common.StandardMessageCodec$ExposedByteArrayOutputStream -> b.a.c.a.m$a:
    byte[] buffer() -> a
io.flutter.plugin.common.StandardMethodCodec -> b.a.c.a.n:
    io.flutter.plugin.common.StandardMessageCodec messageCodec -> a
    io.flutter.plugin.common.StandardMethodCodec INSTANCE -> b
    java.nio.ByteBuffer encodeMethodCall(io.flutter.plugin.common.MethodCall) -> a
io.flutter.plugin.common.StringCodec -> b.a.c.a.o:
    java.nio.charset.Charset UTF8 -> a
    io.flutter.plugin.common.StringCodec INSTANCE -> b
    java.nio.ByteBuffer encodeMessage(java.lang.Object) -> a
    java.nio.ByteBuffer encodeMessage(java.lang.String) -> a
io.flutter.plugin.editing.InputConnectionAdaptor -> b.a.c.b.a:
    io.flutter.embedding.engine.systemchannels.TextInputChannel textInputChannel -> c
    android.view.View mFlutterView -> a
    android.view.inputmethod.InputMethodManager mImm -> f
    android.text.Editable mEditable -> d
    int mBatchCount -> e
    int mClient -> b
    android.text.Layout mLayout -> g
    int clampIndexToEditable(int,android.text.Editable) -> a
    void updateEditingState() -> a
io.flutter.plugin.editing.TextInputPlugin -> b.a.c.b.b:
    io.flutter.plugin.platform.PlatformViewsController platformViewsController -> g
    io.flutter.plugin.editing.TextInputPlugin$InputTarget inputTarget -> c
    io.flutter.embedding.engine.systemchannels.TextInputChannel$Configuration configuration -> d
    android.view.inputmethod.InputConnection lastInputConnection -> f
    android.text.Editable mEditable -> e
    boolean isInputConnectionLocked -> h
    io.flutter.embedding.engine.systemchannels.TextInputChannel textInputChannel -> b
    android.view.inputmethod.InputMethodManager mImm -> a
    android.view.inputmethod.InputConnection createInputConnection(android.view.View,android.view.inputmethod.EditorInfo) -> a
    android.view.inputmethod.InputMethodManager getInputMethodManager() -> a
    int inputTypeFromTextInputType(io.flutter.embedding.engine.systemchannels.TextInputChannel$InputType,boolean,boolean,io.flutter.embedding.engine.systemchannels.TextInputChannel$TextCapitalization) -> a
    android.view.inputmethod.InputConnection getLastInputConnection() -> b
io.flutter.plugin.editing.TextInputPlugin$1 -> b.a.c.b.b$a:
io.flutter.plugin.editing.TextInputPlugin$InputTarget -> b.a.c.b.b$b:
    io.flutter.plugin.editing.TextInputPlugin$InputTarget$Type type -> a
    int id -> b
io.flutter.plugin.editing.TextInputPlugin$InputTarget$Type -> b.a.c.b.b$b$a:
    io.flutter.plugin.editing.TextInputPlugin$InputTarget$Type[] $VALUES -> d
    io.flutter.plugin.editing.TextInputPlugin$InputTarget$Type PLATFORM_VIEW -> c
    io.flutter.plugin.editing.TextInputPlugin$InputTarget$Type NO_TARGET -> a
    io.flutter.plugin.editing.TextInputPlugin$InputTarget$Type FRAMEWORK_CLIENT -> b
io.flutter.plugin.platform.AccessibilityEventsDelegate -> b.a.c.c.a:
    void setAccessibilityBridge(io.flutter.view.AccessibilityBridge) -> a